# JRE version: OpenJDK Runtime Environment (11.0.15) (build 11.0.15+0-b2043.56-9505619)
# Java VM: OpenJDK 64-Bit Server VM (11.0.15+0-b2043.56-9505619, mixed mode, tiered, compressed oops, g1 gc, windows-amd64)
Heap:
 garbage-first heap   total 260096K, used 144337K [0x0000000080000000, 0x0000000100000000)
  region size 1024K, 18 young (18432K), 6 survivors (6144K)
 Metaspace       used 124645K, capacity 128593K, committed 129024K, reserved 1161216K
  class space    used 15975K, capacity 17521K, committed 17664K, reserved 1048576K
GC Heap History (20 events):
Event: 29.178 GC heap before
{Heap before GC invocations=12 (full 0):
 garbage-first heap   total 260096K, used 194409K [0x0000000080000000, 0x0000000100000000)
  region size 1024K, 151 young (154624K), 15 survivors (15360K)
 Metaspace       used 80233K, capacity 82206K, committed 82432K, reserved 1120256K
  class space    used 10495K, capacity 11256K, committed 11264K, reserved 1048576K
}
Event: 29.212 GC heap after
{Heap after GC invocations=13 (full 0):
 garbage-first heap   total 260096K, used 66690K [0x0000000080000000, 0x0000000100000000)
  region size 1024K, 17 young (17408K), 17 survivors (17408K)
 Metaspace       used 80233K, capacity 82206K, committed 82432K, reserved 1120256K
  class space    used 10495K, capacity 11256K, committed 11264K, reserved 1048576K
}
Event: 33.467 GC heap before
{Heap before GC invocations=13 (full 0):
 garbage-first heap   total 260096K, used 197762K [0x0000000080000000, 0x0000000100000000)
  region size 1024K, 146 young (149504K), 17 survivors (17408K)
 Metaspace       used 83712K, capacity 86269K, committed 86528K, reserved 1124352K
  class space    used 11014K, capacity 11955K, committed 12032K, reserved 1048576K
}
Event: 33.520 GC heap after
{Heap after GC invocations=14 (full 0):
 garbage-first heap   total 260096K, used 78781K [0x0000000080000000, 0x0000000100000000)
  region size 1024K, 13 young (13312K), 13 survivors (13312K)
 Metaspace       used 83712K, capacity 86269K, committed 86528K, reserved 1124352K
  class space    used 11014K, capacity 11955K, committed 12032K, reserved 1048576K
}
Event: 40.253 GC heap before
{Heap before GC invocations=14 (full 0):
 garbage-first heap   total 260096K, used 204733K [0x0000000080000000, 0x0000000100000000)
  region size 1024K, 133 young (136192K), 13 survivors (13312K)
 Metaspace       used 92338K, capacity 95132K, committed 95360K, reserved 1132544K
  class space    used 12006K, capacity 13099K, committed 13184K, reserved 1048576K
}
Event: 40.289 GC heap after
{Heap after GC invocations=15 (full 0):
 garbage-first heap   total 260096K, used 96141K [0x0000000080000000, 0x0000000100000000)
  region size 1024K, 16 young (16384K), 16 survivors (16384K)
 Metaspace       used 92338K, capacity 95132K, committed 95360K, reserved 1132544K
  class space    used 12006K, capacity 13099K, committed 13184K, reserved 1048576K
}
Event: 46.802 GC heap before
{Heap before GC invocations=15 (full 0):
 garbage-first heap   total 260096K, used 201613K [0x0000000080000000, 0x0000000100000000)
  region size 1024K, 120 young (122880K), 16 survivors (16384K)
 Metaspace       used 100687K, capacity 103790K, committed 103936K, reserved 1138688K
  class space    used 13088K, capacity 14235K, committed 14336K, reserved 1048576K
}
Event: 46.817 GC heap after
{Heap after GC invocations=16 (full 0):
 garbage-first heap   total 260096K, used 94468K [0x0000000080000000, 0x0000000100000000)
  region size 1024K, 6 young (6144K), 6 survivors (6144K)
 Metaspace       used 100687K, capacity 103790K, committed 103936K, reserved 1138688K
  class space    used 13088K, capacity 14235K, committed 14336K, reserved 1048576K
}
Event: 50.486 GC heap before
{Heap before GC invocations=16 (full 0):
 garbage-first heap   total 260096K, used 204036K [0x0000000080000000, 0x0000000100000000)
  region size 1024K, 114 young (116736K), 6 survivors (6144K)
 Metaspace       used 113373K, capacity 117052K, committed 117120K, reserved 1150976K
  class space    used 15011K, capacity 16453K, committed 16512K, reserved 1048576K
}
Event: 50.499 GC heap after
{Heap after GC invocations=17 (full 0):
 garbage-first heap   total 260096K, used 99051K [0x0000000080000000, 0x0000000100000000)
  region size 1024K, 11 young (11264K), 11 survivors (11264K)
 Metaspace       used 113373K, capacity 117052K, committed 117120K, reserved 1150976K
  class space    used 15011K, capacity 16453K, committed 16512K, reserved 1048576K
}
Event: 50.874 GC heap before
{Heap before GC invocations=17 (full 0):
 garbage-first heap   total 260096K, used 135915K [0x0000000080000000, 0x0000000100000000)
  region size 1024K, 22 young (22528K), 11 survivors (11264K)
 Metaspace       used 114327K, capacity 118038K, committed 118272K, reserved 1150976K
  class space    used 15140K, capacity 16589K, committed 16640K, reserved 1048576K
}
Event: 50.906 GC heap after
{Heap after GC invocations=18 (full 0):
 garbage-first heap   total 260096K, used 116036K [0x0000000080000000, 0x0000000100000000)
  region size 1024K, 7 young (7168K), 7 survivors (7168K)
 Metaspace       used 114327K, capacity 118038K, committed 118272K, reserved 1150976K
  class space    used 15140K, capacity 16589K, committed 16640K, reserved 1048576K
}
Event: 1164.874 GC heap before
{Heap before GC invocations=19 (full 0):
 garbage-first heap   total 260096K, used 220484K [0x0000000080000000, 0x0000000100000000)
  region size 1024K, 103 young (105472K), 7 survivors (7168K)
 Metaspace       used 116063K, capacity 119801K, committed 119936K, reserved 1153024K
  class space    used 15236K, capacity 16675K, committed 16768K, reserved 1048576K
}
Event: 1164.880 GC heap after
{Heap after GC invocations=20 (full 0):
 garbage-first heap   total 260096K, used 99499K [0x0000000080000000, 0x0000000100000000)
  region size 1024K, 7 young (7168K), 7 survivors (7168K)
 Metaspace       used 116063K, capacity 119801K, committed 119936K, reserved 1153024K
  class space    used 15236K, capacity 16675K, committed 16768K, reserved 1048576K
}
Event: 1179.916 GC heap before
{Heap before GC invocations=20 (full 0):
 garbage-first heap   total 260096K, used 233643K [0x0000000080000000, 0x0000000100000000)
  region size 1024K, 120 young (122880K), 7 survivors (7168K)
 Metaspace       used 121123K, capacity 125077K, committed 125440K, reserved 1157120K
  class space    used 15773K, capacity 17298K, committed 17408K, reserved 1048576K
}
Event: 1179.933 GC heap after
{Heap after GC invocations=21 (full 0):
 garbage-first heap   total 260096K, used 106046K [0x0000000080000000, 0x0000000100000000)
  region size 1024K, 13 young (13312K), 13 survivors (13312K)
 Metaspace       used 121123K, capacity 125077K, committed 125440K, reserved 1157120K
  class space    used 15773K, capacity 17298K, committed 17408K, reserved 1048576K
}
Event: 1186.064 GC heap before
{Heap before GC invocations=21 (full 0):
 garbage-first heap   total 260096K, used 218686K [0x0000000080000000, 0x0000000100000000)
  region size 1024K, 120 young (122880K), 13 survivors (13312K)
 Metaspace       used 123318K, capacity 127265K, committed 127360K, reserved 1159168K
  class space    used 15949K, capacity 17502K, committed 17536K, reserved 1048576K
}
Event: 1186.086 GC heap after
{Heap after GC invocations=22 (full 0):
 garbage-first heap   total 260096K, used 115363K [0x0000000080000000, 0x0000000100000000)
  region size 1024K, 15 young (15360K), 15 survivors (15360K)
 Metaspace       used 123318K, capacity 127265K, committed 127360K, reserved 1159168K
  class space    used 15949K, capacity 17502K, committed 17536K, reserved 1048576K
}
Event: 1187.700 GC heap before
{Heap before GC invocations=22 (full 0):
 garbage-first heap   total 260096K, used 221859K [0x0000000080000000, 0x0000000100000000)
  region size 1024K, 104 young (106496K), 15 survivors (15360K)
 Metaspace       used 124886K, capacity 128881K, committed 129024K, reserved 1161216K
  class space    used 15999K, capacity 17577K, committed 17664K, reserved 1048576K
}
Event: 1187.719 GC heap after
{Heap after GC invocations=23 (full 0):
 garbage-first heap   total 260096K, used 125905K [0x0000000080000000, 0x0000000100000000)
  region size 1024K, 6 young (6144K), 6 survivors (6144K)
 Metaspace       used 124886K, capacity 128881K, committed 129024K, reserved 1161216K
  class space    used 15999K, capacity 17577K, committed 17664K, reserved 1048576K
}

